<?xml version="1.0" encoding="UTF-8"?>
<!-- Generated by org.testng.reporters.JUnitReportReporter -->
<testsuite skipped="0" hostname="DESKTOP-0CQ8PV8" name="com.urbanladder.runner.Hooks" tests="16" failures="0" timestamp="2021-09-26T11:50:50 IST" time="54.186" errors="1">
  <testcase name="signUp" time="1.955" classname="com.urbanladder.runner.Hooks"/>
  <system-out/>
  <testcase name="login" time="2.871" classname="com.urbanladder.runner.Hooks"/>
  <system-out/>
  <testcase name="help" time="0.891" classname="com.urbanladder.runner.Hooks"/>
  <system-out/>
  <testcase name="sale" time="3.542" classname="com.urbanladder.runner.Hooks"/>
  <system-out/>
  <testcase name="living" time="3.377" classname="com.urbanladder.runner.Hooks"/>
  <system-out/>
  <testcase name="bedroom" time="3.458" classname="com.urbanladder.runner.Hooks"/>
  <system-out/>
  <testcase name="searchProduct" time="2.453" classname="com.urbanladder.runner.Hooks"/>
  <system-out/>
  <testcase name="searchProduct" time="3.430" classname="com.urbanladder.runner.Hooks"/>
  <system-out/>
  <testcase name="searchProduct" time="5.530" classname="com.urbanladder.runner.Hooks"/>
  <system-out/>
  <testcase name="searchProduct" time="2.966" classname="com.urbanladder.runner.Hooks"/>
  <system-out/>
  <testcase name="selectProduct" time="4.375" classname="com.urbanladder.runner.Hooks"/>
  <system-out/>
  <testcase name="addToCart" time="3.776" classname="com.urbanladder.runner.Hooks"/>
  <system-out/>
  <testcase name="checkout" time="3.230" classname="com.urbanladder.runner.Hooks"/>
  <system-out/>
  <testcase name="stores" time="10.455" classname="com.urbanladder.runner.Hooks"/>
  <system-out/>
  <testcase name="giftCards" time="1.877" classname="com.urbanladder.runner.Hooks"/>
  <system-out/>
  <testcase name="socialMedia" time="0.000" classname="com.urbanladder.runner.Hooks">
    <error type="org.testng.TestNGException" message="
Method public void com.urbanladder.runner.Hooks.socialMedia(org.openqa.selenium.By) throws java.lang.InterruptedException requires a @DataProvider named : websiteNames	">
      <![CDATA[org.testng.TestNGException: 
Method public void com.urbanladder.runner.Hooks.socialMedia(org.openqa.selenium.By) throws java.lang.InterruptedException requires a @DataProvider named : websiteNames
at org.testng.internal.Parameters.findDataProvider(Parameters.java:561)
at org.testng.internal.Parameters.handleParameters(Parameters.java:772)
at org.testng.internal.Parameters.handleParameters(Parameters.java:740)
at org.testng.internal.ParameterHandler.handleParameters(ParameterHandler.java:59)
at org.testng.internal.ParameterHandler.createParameters(ParameterHandler.java:38)
at org.testng.internal.TestInvoker$MethodInvocationAgent.invoke(TestInvoker.java:791)
at org.testng.internal.TestInvoker.invokeTestMethods(TestInvoker.java:146)
at org.testng.internal.TestMethodWorker.invokeTestMethods(TestMethodWorker.java:146)
at org.testng.internal.TestMethodWorker.run(TestMethodWorker.java:128)
at java.util.ArrayList.forEach(ArrayList.java:1259)
at org.testng.TestRunner.privateRun(TestRunner.java:794)
at org.testng.TestRunner.run(TestRunner.java:596)
at org.testng.SuiteRunner.runTest(SuiteRunner.java:377)
at org.testng.SuiteRunner.runSequentially(SuiteRunner.java:371)
at org.testng.SuiteRunner.privateRun(SuiteRunner.java:332)
at org.testng.SuiteRunner.run(SuiteRunner.java:276)
at org.testng.SuiteRunnerWorker.runSuite(SuiteRunnerWorker.java:53)
at org.testng.SuiteRunnerWorker.run(SuiteRunnerWorker.java:96)
at org.testng.TestNG.runSuitesSequentially(TestNG.java:1212)
at org.testng.TestNG.runSuitesLocally(TestNG.java:1134)
at org.testng.TestNG.runSuites(TestNG.java:1063)
at org.testng.TestNG.run(TestNG.java:1031)
at org.testng.remote.AbstractRemoteTestNG.run(AbstractRemoteTestNG.java:115)
at org.testng.remote.RemoteTestNG.initAndRun(RemoteTestNG.java:251)
at org.testng.remote.RemoteTestNG.main(RemoteTestNG.java:77)
]]>
    </error>
  </testcase> <!-- socialMedia -->
  <system-out/>
</testsuite> <!-- com.urbanladder.runner.Hooks -->
